<?xml version="1.0" encoding="utf-8"?><testsuites name="pytest tests"><testsuite name="pytest" errors="0" failures="0" skipped="0" tests="79" time="7.022" timestamp="2026-09-25T00:33:52.761988-05:00" hostname="HaeBook-Pro-M3.local"><testcase classname="tests.test_phase5_table_engine" name="test_search" time="0.020" /><testcase classname="tests.test_phase5_table_engine" name="test_filter_equals" time="0.000" /><testcase classname="tests.test_phase5_table_engine" name="test_numeric_filter" time="0.000" /><testcase classname="tests.test_phase5_table_engine" name="test_sort_desc" time="0.000" /><testcase classname="tests.test_phase5_table_engine" name="test_pagination" time="0.000" /><testcase classname="tests.test_phase5_table_engine" name="test_percent_formatting" time="0.000" /><testcase classname="tests.test_phase5_table_engine" name="test_float_unit_formatting" time="0.000" /><testcase classname="tests.test_phase5_table_engine" name="test_null_formatting" time="0.000" /><testcase classname="tests.test_phase5_table_engine" name="test_csv_export_uses_labels_and_formatting" time="0.000" /><testcase classname="tests.test_visualizer_diagram_studio" name="test_versioned_diagram_model_preserves_legacy_contract_and_geometry" time="0.036" /><testcase classname="tests.test_visualizer_wave2_diagram_editing" name="test_wave2_diagram_node_rename_remaps_edges_atomically" time="0.025" /><testcase classname="tests.test_visualizer_wave2_diagram_editing" name="test_wave2_diagram_reorder_preserves_and_delete_prunes_edges" time="0.025" /><testcase classname="tests.test_visualizer_wave2_diagram_editing" name="test_wave2_diagram_edge_validation_rejects_unknown_endpoints" time="0.025" /><testcase classname="tests.test_visualizer_wave2_diagram_editing" name="test_wave2_editor_uses_atomic_diagram_handlers" time="0.002" /><testcase classname="tests.test_visualizer_wave4_report_lifecycle" name="test_wave4_main_report_strip_is_reduced_to_primary_actions" time="0.001" /><testcase classname="tests.test_visualizer_wave4_report_lifecycle" name="test_wave4_report_manager_contains_secondary_lifecycle_actions" time="0.001" /><testcase classname="tests.test_visualizer_wave4_report_lifecycle" name="test_wave4_report_manager_refreshes_current_context_on_open" time="0.000" /><testcase classname="tests.test_visualizer_wave4_report_lifecycle" name="test_wave4_report_options_still_disambiguate_blank_and_duplicate_titles" time="0.000" /><testcase classname="tests.test_visualizer_wave4_report_lifecycle" name="test_wave4_report_manager_uses_existing_repository_lifecycle_methods" time="0.000" /><testcase classname="tests.test_visualizer_chg179_semantic_parity" name="test_browser_formatter_preserves_metric_semantics_and_legacy_models" time="0.036" /><testcase classname="tests.test_visualizer_chg179_semantic_parity" name="test_python_export_formatter_matches_browser_golden[48.2-entry0-None-48.2 M]" time="0.000" /><testcase classname="tests.test_visualizer_chg179_semantic_parity" name="test_python_export_formatter_matches_browser_golden[48.2-entry1-None-$48.2]" time="0.000" /><testcase classname="tests.test_visualizer_chg179_semantic_parity" name="test_python_export_formatter_matches_browser_golden[0.276-entry2-field2-27.6%]" time="0.000" /><testcase classname="tests.test_visualizer_chg179_semantic_parity" name="test_python_export_formatter_matches_browser_golden[34-entry3-field3-34 contacts]" time="0.000" /><testcase classname="tests.test_visualizer_chg179_semantic_parity" name="test_python_export_formatter_matches_browser_golden[0-entry4-None-$0]" time="0.000" /><testcase classname="tests.test_visualizer_chg179_semantic_parity" name="test_python_export_formatter_matches_browser_golden[-2.35-entry5-None--$2.35]" time="0.000" /><testcase classname="tests.test_visualizer_chg179_semantic_parity" name="test_python_export_formatter_matches_browser_golden[1234567.8-entry6-None-$1,234,567.80]" time="0.000" /><testcase classname="tests.test_visualizer_chg179_semantic_parity" name="test_python_export_formatter_matches_browser_golden[3.456-entry7-None-3.456]" time="0.000" /><testcase classname="tests.test_visualizer_chg179_semantic_parity" name="test_python_export_formatter_matches_browser_golden[None-entry8-None-N/A]" time="0.000" /><testcase classname="tests.test_visualizer_chg179_semantic_parity" name="test_python_export_formatter_matches_browser_golden[48.2-entry9-field9-48.2]" time="0.000" /><testcase classname="tests.test_visualizer_chg179_semantic_parity" name="test_python_export_formatter_matches_browser_golden[48200000-entry10-None-48.2 M]" time="0.000" /><testcase classname="tests.test_visualizer_chg179_semantic_parity" name="test_python_export_formatter_matches_browser_golden[48.2-entry11-None-$48.2 M]" time="0.000" /><testcase classname="tests.test_visualizer_chg179_semantic_parity" name="test_explicit_percent_override_resolves_legacy_currency_conflict" time="0.000" /><testcase classname="tests.test_visualizer_chg179_semantic_parity" name="test_dropped_explicit_compact_unit_is_a_material_format_issue" time="0.000" /><testcase classname="tests.test_visualizer_chg179_semantic_parity" name="test_data_first_categories_survive_chart_studio_reload_refresh_and_export" time="0.048" /><testcase classname="tests.test_visualizer_chg179_semantic_parity" name="test_powerpoint_projection_keeps_category_labels_and_formats_bound_metric" time="0.004" /><testcase classname="tests.test_visualizer_chg179_semantic_parity" name="test_powerpoint_line_uses_canonical_y_when_legacy_value_alias_is_stale" time="0.012" /><testcase classname="tests.test_visualizer_chg179_semantic_parity" name="test_dataset_resource_field_validation_keeps_metric_format_metadata" time="0.003" /><testcase classname="tests.test_visualizer_chg180_r1" name="test_chg180_waferfab_map_variants_are_first_class_export_kinds" time="0.000" /><testcase classname="tests.test_visualizer_chg180_r1" name="test_chg180_bound_wafer_projection_preserves_die_values_identity_and_source_model" time="0.000" /><testcase classname="tests.test_visualizer_chg180_r1" name="test_chg180_powerpoint_has_editable_spatial_cells_not_generic_fallback" time="0.024" /><testcase classname="tests.test_visualizer_chg180_r1" name="test_chg180_geometry_payload_is_rejected_when_incomplete_overlapping_or_out_of_hull" time="0.007" /><testcase classname="tests.test_visualizer_chg180_r1" name="test_chg180_keeps_existing_chart_table_diagram_image_and_metric_export_kinds" time="0.023" /><testcase classname="tests.test_visualizer_chg180_r1" name="test_chg180_process_flow_geometry_is_rebuilt_from_saved_diagram_content" time="0.029" /><testcase classname="tests.test_visualizer_chg180_r1" name="test_chg180_process_flow_powerpoint_projection_preserves_validated_geometry_and_direction" time="0.060" /><testcase classname="tests.test_visualizer_chg180_r1" name="test_chg180_rightward_process_flow_stays_horizontal_when_it_fits" time="0.011" /><testcase classname="tests.test_visualizer_chg180_r1" name="test_chg180_data_flow_honors_down_direction" time="0.015" /><testcase classname="tests.test_visualizer_chg180_r1" name="test_chg180_structural_diagram_validator_rejects_primitive_outside_assigned_region" time="0.022" /><testcase classname="tests.test_visualizer_chg180_r1" name="test_chg180_process_flow_continuations_are_ordered_complete_and_round_trip" time="0.071" /><testcase classname="tests.test_visualizer_chg181_section_composition" name="test_section_grammar_selects_patterns_and_deterministic_feature_support" time="0.028" /><testcase classname="tests.test_visualizer_chg181_section_composition" name="test_section_patterns_cover_narrative_evidence_causal_and_detail_grid" time="0.032" /><testcase classname="tests.test_visualizer_chg181_section_composition" name="test_long_narrative_content_gets_its_own_intrinsic_row" time="0.026" /><testcase classname="tests.test_visualizer_chg181_section_composition" name="test_section_fallback_custom_metadata_emphasis_and_semantic_nonmutation" time="0.027" /><testcase classname="tests.test_visualizer_chg181_section_composition" name="test_section_width_fit_is_bounded_and_mobile_order_uses_composed_order" time="0.031" /><testcase classname="tests.test_visualizer_chg181_section_composition" name="test_shared_remap_requirements_deduplicate_roles_and_summarize_incompatibility" time="0.027" /><testcase classname="tests.test_visualizer_chg181_section_composition" name="test_remap_focus_accessibility_and_fail_closed_apply_contract_remain_present" time="0.002" /><testcase classname="tests.test_visualizer_chg181_semantic_reuse" name="test_chg181_composition_roles_and_named_recipes_are_deterministic_and_legacy_safe" time="0.026" /><testcase classname="tests.test_visualizer_chg181_semantic_reuse" name="test_chg181_smart_composition_has_stable_non_overlapping_bounded_rectangles" time="0.030" /><testcase classname="tests.test_visualizer_chg181_semantic_reuse" name="test_chg181_builtin_templates_include_canonical_semantic_intent" time="0.000" /><testcase classname="tests.test_visualizer_chg181_semantic_reuse" name="test_chg181_binding_contract_groups_shared_data_and_reuses_new_data_atomically" time="0.033" /><testcase classname="tests.test_visualizer_chg181_semantic_reuse" name="test_chg181_remap_fails_closed_for_ambiguous_and_incompatible_fields" time="0.033" /><testcase classname="tests.test_visualizer_chg181_semantic_reuse" name="test_chg181_remap_blocks_a_schema_match_that_cannot_run_its_saved_analysis_recipe" time="0.031" /><testcase classname="tests.test_visualizer_chg181_semantic_reuse" name="test_chg181_reused_bar_summary_keeps_category_and_value_roles_visible" time="0.032" /><testcase classname="tests.test_visualizer_chg181_semantic_reuse" name="test_chg181_short_bar_scale_avoids_near_duplicate_endpoint_ticks" time="0.027" /><testcase classname="tests.test_visualizer_chg181_semantic_reuse" name="test_chg181_spatial_reports_clip_wafer_cells_to_company_geometry" time="0.034" /><testcase classname="tests.test_visualizer_chg181_semantic_reuse" name="test_chg181_structure_remap_does_not_create_empty_dataset_recipe_identity" time="0.031" /><testcase classname="tests.test_visualizer_chg181_semantic_reuse" name="test_chg181_normalization_and_visible_reuse_choice_preserve_legacy_and_copy_modes" time="0.001" /><testcase classname="tests.test_visualizer_chg181_semantic_reuse" name="test_chg181_structure_only_preferences_reject_cross_report_dataset_identity" time="0.000" /><testcase classname="tests.test_visualizer_chg181_semantic_reuse" name="test_chg181_corrupt_and_oversized_binding_records_do_not_poison_legacy_presets" time="0.008" /><testcase classname="tests.test_visualizer_chg181_semantic_reuse" name="test_chg181_structure_reuse_clears_unbound_values_and_names_manual_review" time="0.037" /><testcase classname="tests.test_visualizer_chg206_pptx_visible_text" name="test_chg206_report_text_is_explicit_readable_and_contained" time="0.031" /><testcase classname="tests.test_visualizer_chg206_pptx_visible_text" name="test_compact_r2_context_rectangle_fits_at_readable_minimum" time="0.009" /><testcase classname="tests.test_visualizer_chg206_pptx_visible_text" name="test_dense_long_narrative_uses_bounded_editable_fit_without_clipping" time="0.013" /><testcase classname="tests.test_visualizer_chg206_pptx_visible_text" name="test_tall_slide_headline_uses_readable_condensed_fallback_inside_assigned_box" time="0.011" /><testcase classname="tests.test_visualizer_chg206_pptx_visible_text" name="test_decision_and_action_composite_segments_keep_distinct_roles" time="0.000" /><testcase classname="tests.test_visualizer_chg207_narrow_reading" name="test_metric_and_comparison_values_use_atomic_formatted_tokens" time="0.046" /><testcase classname="tests.test_visualizer_chg207_narrow_reading" name="test_narrow_flow_is_a_reading_projection_of_the_canonical_graph" time="0.028" /><testcase classname="tests.test_visualizer_chg207_narrow_reading" name="test_renderer_preserves_focusable_table_contract_and_preview_breakpoints" time="0.037" /><testcase classname="tests.test_visualizer_chg138_r2_native" name="test_chg138_r2_native_preview_parity_and_chart_studio_shared_search" time="5.391" /></testsuite></testsuites>